Not valid,235947,0.0000,-0.0000,0,0.00,5.00
Not valid,235948,0.0000,-0.0000,0,0.00,5.00
Not valid,235949,0.0000,-0.0000,0,0.00,5.00
Not valid,235950,0.0000,-0.0000,0,0.00,55.00
Not valid,235951,0.0000,-0.0000,0,0.00,54.00
Not valid,235952,0.0000,-0.0000,0,0.00,57.00
Not valid,235953,0.0000,-0.0000,0,0.00,56.00
Not valid,235954,0.0000,-0.0000,0,0.00,51.00
Not valid,235955,0.0000,-0.0000,0,0.00,50.00
Not valid,235956,0.0000,-0.0000,0,0.00,53.00
Not valid,235957,0.0000,-0.0000,0,0.00,59.00
Not valid,235958,0.0000,-0.0000,0,0.00,5.00
Not valid,235959,0.0000,-0.0000,0,0.00,5.00
Not valid,162846,0.0000,-0.0000,0,0.00,5.00
Not valid,162847,0.0000,-0.0000,0,0.00,5.00
Not valid,162848,0.0000,-0.0000,0,0.00,54.00
Not valid,162849,0.0000,-0.0000,0,0.00,51.00
Not valid,162850,0.0000,-0.0000,0,0.00,59.00
Not valid,162851,0.0000,-0.0000,0,0.00,58.00
Not valid,162852,0.0000,-0.0000,0,0.00,5.00
Not valid,162853,0.0000,-0.0000,0,0.00,5.00
Not valid,162854,0.0000,-0.0000,0,0.00,5.00
Not valid,162855,0.0000,-0.0000,0,0.00,5.00
Not valid,162856,0.0000,-0.0000,0,0.00,5.00
Not valid,162857,0.0000,-0.0000,0,0.00,5.00
Not valid,162858,0.0000,-0.0000,0,0.00,51.00
Not valid,162859,0.0000,-0.0000,0,0.00,50.00
Not valid,162900,0.0000,-0.0000,0,0.00,5.00
Not valid,162901,0.0000,-0.0000,0,0.00,5.00
Not valid,162902,0.0000,-0.0000,0,0.00,5.00
Valid,162903,5041.0288,-11913.9480,5,2.70,529.70
Valid,162904,5041.0288,-11913.9480,5,2.70,530.10
Valid,162905,5041.0288,-11913.9480,5,2.70,530.10
Valid,162906,5041.0288,-11913.9480,5,2.70,530.10
Valid,162907,5041.0288,-11913.9480,5,2.70,530.10
Valid,162908,5041.0288,-11913.9480,5,2.70,530.10
Valid,162909,5041.0288,-11913.9480,5,2.70,530.20
Valid,162910,5041.0288,-11913.9480,5,2.70,530.20
Valid,162911,5041.0288,-11913.9480,5,2.70,530.20
Valid,162912,5041.0288,-11913.9480,5,2.70,530.30
Valid,162913,5041.0288,-11913.9480,5,2.70,530.30
Valid,162914,5041.0288,-11913.9480,5,2.70,530.30
Valid,162915,5041.0288,-11913.9480,5,2.70,530.30
Valid,162916,5041.0288,-11913.9480,5,2.70,530.30
Valid,162917,5041.0288,-11913.9480,5,2.70,530.40
Valid,162918,5041.0288,-11913.9480,5,2.70,530.40
Valid,162919,5041.0288,-11913.9480,5,2.70,530.40
Valid,162920,5041.0288,-11913.9480,5,2.70,530.40
Valid,162921,5041.0288,-11913.9480,5,2.70,530.40
Valid,162922,5041.0288,-11913.9480,5,2.70,530.40
Valid,162923,5041.0288,-11913.9480,5,2.70,530.40
Valid,162924,5041.0288,-11913.9480,5,2.70,530.40
Valid,162925,5041.0288,-11913.9480,5,2.70,530.40
Valid,162926,5041.0288,-11913.9480,5,2.70,530.40
Valid,162927,5041.0288,-11913.9480,5,2.70,530.50
Valid,162928,5041.0288,-11913.9480,5,2.70,530.50
Valid,162929,5041.0288,-11913.9480,5,2.70,530.50
Valid,162930,5041.0283,-11913.9480,5,2.70,530.50
Valid,162931,5041.0283,-11913.9480,5,2.70,530.50
Valid,162932,5041.0283,-11913.9480,5,2.70,530.50
Valid,162933,5041.0283,-11913.9480,5,2.70,530.60
Valid,162934,5041.0283,-11913.9480,5,2.70,530.60
Valid,162935,5041.0283,-11913.9480,5,2.70,530.60
Valid,162936,5041.0283,-11913.9480,5,2.70,530.60
Valid,162937,5041.0283,-11913.9480,5,2.70,530.60
Valid,162938,5041.0283,-11913.9480,5,2.70,530.60
Valid,162939,5041.0283,-11913.9480,5,2.70,530.70
Valid,162940,5041.0283,-11913.9480,5,2.70,530.70
Valid,162941,5041.0283,-11913.9480,5,2.70,530.70
Valid,162942,5041.0283,-11913.9480,5,2.70,530.70
Valid,162943,5041.0283,-11913.9480,5,2.70,530.70
Valid,162944,5041.0283,-11913.9480,5,2.70,530.80
Valid,162945,5041.0283,-11913.9480,5,2.70,530.80
Valid,162946,5041.0283,-11913.9480,5,2.70,530.80
Valid,162947,5041.0283,-11913.9480,5,2.70,530.80
Valid,162948,5041.0283,-11913.9480,5,2.70,530.80
Valid,162949,5041.0283,-11913.9480,5,2.70,530.90
Valid,162950,5041.0283,-11913.9480,5,2.70,530.90
Valid,162951,5041.0283,-11913.9480,5,2.70,530.90
Valid,162952,5041.0283,-11913.9480,5,2.70,530.90
Valid,162953,5041.0283,-11913.9480,5,2.70,531.00
Valid,162954,5041.0283,-11913.9480,5,2.70,531.00
Valid,162955,5041.0283,-11913.9480,5,2.70,531.00
Valid,162956,5041.0283,-11913.9480,5,2.70,531.00
Valid,162957,5041.0283,-11913.9480,5,2.70,531.10
Valid,162958,5041.0283,-11913.9480,5,2.70,531.10
Valid,162959,5041.0283,-11913.9480,5,2.70,531.10
Valid,163000,5041.0283,-11913.9480,5,2.70,531.10
Valid,163001,5041.0283,-11913.9480,5,2.70,531.10
Valid,163002,5041.0283,-11913.9480,5,2.70,531.10
Valid,163003,5041.0283,-11913.9480,5,2.70,531.20
Valid,163004,5041.0283,-11913.9480,5,2.70,531.20
Valid,163005,5041.0283,-11913.9480,5,2.70,531.20
Valid,163006,5041.0283,-11913.9480,5,2.70,531.20
Valid,163007,5041.0283,-11913.9480,5,2.70,531.20
Valid,163008,5041.0283,-11913.9480,5,2.70,531.30
Valid,163009,5041.0283,-11913.9480,5,2.70,531.30
Valid,163010,5041.0283,-11913.9480,5,2.70,531.30
Valid,163011,5041.0283,-11913.9480,5,2.70,531.30
Valid,163012,5041.0283,-11913.9480,5,2.70,531.30
Valid,163013,5041.0283,-11913.9470,5,2.70,531.40
Valid,163014,5041.0283,-11913.9470,5,2.70,531.40
Valid,163015,5041.0283,-11913.9470,5,2.70,531.40
Valid,163016,5041.0283,-11913.9470,5,2.70,531.40
Valid,163017,5041.0283,-11913.9470,5,2.70,531.40
Valid,163018,5041.0283,-11913.9470,5,2.70,531.40
Valid,163019,5041.0283,-11913.9470,5,2.70,531.40
Valid,163020,5041.0283,-11913.9470,5,2.70,531.40
Valid,163021,5041.0283,-11913.9470,5,2.70,531.50
Valid,163022,5041.0283,-11913.9470,5,2.70,531.50
Valid,163023,5041.0283,-11913.9470,5,2.70,531.50
Valid,163024,5041.0283,-11913.9470,5,2.70,531.50
Valid,163025,5041.0283,-11913.9470,5,2.70,531.50
Valid,163026,5041.0283,-11913.9470,5,2.70,531.50
Valid,163027,5041.0283,-11913.9470,5,2.70,531.50
Valid,163028,5041.0283,-11913.9470,5,2.70,531.50
Valid,163029,5041.0283,-11913.9470,5,2.70,531.60
Valid,163030,5041.0283,-11913.9470,5,2.70,531.60
Valid,163031,5041.0283,-11913.9470,5,2.70,531.60
Valid,163032,5041.0283,-11913.9470,5,2.70,531.60
Valid,163033,5041.0283,-11913.9470,5,2.70,531.60
Valid,163034,5041.0283,-11913.9470,5,2.70,531.60
Valid,163035,5041.0283,-11913.9470,5,2.70,531.60
Valid,163036,5041.0283,-11913.9470,5,2.70,531.60
Valid,163037,5041.0283,-11913.9470,5,2.70,531.60
Valid,163038,5041.0283,-11913.9470,5,2.70,531.70
Valid,163039,5041.0283,-11913.9470,5,2.70,531.70
Valid,163040,5041.0283,-11913.9470,5,2.70,531.70
Valid,163041,5041.0283,-11913.9470,5,2.70,531.70
Valid,163042,5041.0283,-11913.9470,5,2.70,531.70
Valid,163043,5041.0283,-11913.9470,5,2.70,531.70
Valid,163044,5041.0283,-11913.9470,5,2.70,531.70
Valid,163045,5041.0283,-11913.9470,5,2.70,531.70
Valid,163046,5041.0283,-11913.9470,5,2.70,531.70
Valid,163047,5041.0283,-11913.9470,5,2.70,531.70
Valid,163048,5041.0283,-11913.9470,5,2.70,531.70
Valid,163049,5041.0283,-11913.9470,5,2.70,531.70
Valid,163050,5041.0283,-11913.9470,5,2.70,531.80
Valid,163051,5041.0283,-11913.9470,5,2.70,531.80
Valid,163052,5041.0283,-11913.9470,5,2.70,531.80
Valid,163053,5041.0283,-11913.9460,5,2.70,531.80
Valid,163054,5041.0283,-11913.9460,5,2.70,531.80
Valid,163055,5041.0283,-11913.9460,5,2.70,531.80
Valid,163056,5041.0283,-11913.9460,5,2.70,531.80
Valid,163057,5041.0283,-11913.9460,5,2.70,531.80
Valid,163058,5041.0283,-11913.9460,5,2.70,531.80
Valid,163059,5041.0283,-11913.9460,5,2.70,531.80
Valid,163100,5041.0283,-11913.9460,5,2.70,531.80
Valid,163101,5041.0283,-11913.9460,5,2.70,531.80
Valid,163103,5041.0283,-11913.9460,5,2.70,531.80
Valid,163104,5041.0283,-11913.9460,5,2.70,531.80
Valid,163105,5041.0283,-11913.9460,5,2.70,531.80
Valid,163106,5041.0283,-11913.9460,5,2.70,531.80
Valid,163107,5041.0283,-11913.9460,5,2.70,531.80
Valid,163108,5041.0283,-11913.9460,5,2.70,531.80
Valid,163109,5041.0283,-11913.9460,5,2.70,531.80
Valid,163110,5041.0283,-11913.9460,5,2.70,531.80
Valid,163111,5041.0283,-11913.9460,5,2.70,531.80
Valid,163112,5041.0283,-11913.9460,5,2.70,531.80
Valid,163113,5041.0283,-11913.9460,5,2.70,531.80
Valid,163114,5041.0283,-11913.9460,5,2.70,531.80
Valid,163115,5041.0283,-11913.9460,5,2.70,531.80
Valid,163116,5041.0283,-11913.9460,5,2.70,531.80
Valid,163117,5041.0283,-11913.9460,5,2.70,531.80
Valid,163118,5041.0283,-11913.9460,5,2.70,531.80
Valid,163119,5041.0283,-11913.9460,5,2.70,531.80
Valid,163120,5041.0283,-11913.9460,5,2.70,531.80
Valid,163121,5041.0283,-11913.9460,5,2.70,531.80
Valid,163122,5041.0283,-11913.9460,5,2.70,531.80
Valid,163123,5041.0283,-11913.9460,5,2.70,531.80
Valid,163124,5041.0283,-11913.9460,5,2.70,531.80
Valid,163125,5041.0283,-11913.9460,5,2.70,531.80
Valid,163126,5041.0283,-11913.9460,5,2.70,531.80
Valid,163127,5041.0283,-11913.9460,5,2.70,531.80
Valid,163128,5041.0283,-11913.9460,5,2.70,531.80
Valid,163129,5041.0283,-11913.9460,5,2.70,531.80
Valid,163130,5041.0283,-11913.9460,5,2.70,531.80
Valid,163131,5041.0283,-11913.9460,5,2.70,531.80
Valid,163132,5041.0283,-11913.9460,5,2.70,531.80
Valid,163133,5041.0283,-11913.9460,5,2.70,531.80
Valid,163134,5041.0283,-11913.9460,5,2.70,531.80
Valid,163135,5041.0283,-11913.9460,5,2.70,531.80
Valid,163136,5041.0283,-11913.9460,5,2.70,531.80
Valid,163137,5041.0283,-11913.9460,5,2.70,531.80
Valid,163138,5041.0283,-11913.9460,5,2.70,531.80
Valid,163139,5041.0283,-11913.9460,5,2.70,531.80
Valid,163140,5041.0283,-11913.9460,5,2.70,531.80
Valid,163141,5041.0283,-11913.9460,5,2.70,531.80
Valid,163142,5041.0283,-11913.9460,5,2.70,531.70
Valid,163143,5041.0283,-11913.9460,5,2.70,531.70
Valid,163144,5041.0283,-11913.9460,5,2.70,531.70
Valid,163145,5041.0283,-11913.9460,5,2.70,531.70
Valid,163146,5041.0283,-11913.9460,5,2.70,531.70
Valid,163147,5041.0283,-11913.9460,5,2.70,531.70
Valid,163148,5041.0283,-11913.9460,5,2.70,531.70
Valid,163149,5041.0283,-11913.9460,5,2.70,531.70
Valid,163150,5041.0283,-11913.9460,5,2.70,531.70
Valid,163151,5041.0283,-11913.9460,5,2.70,531.70
Valid,163152,5041.0283,-11913.9460,5,2.70,531.70
Valid,163153,5041.0283,-11913.9460,5,2.70,531.70
Valid,163154,5041.0283,-11913.9460,5,2.70,531.70
Valid,163155,5041.0283,-11913.9460,5,2.70,531.70
Valid,163156,5041.0283,-11913.9460,5,2.70,531.70
Valid,163157,5041.0283,-11913.9460,5,2.70,531.70
Valid,163158,5041.0283,-11913.9460,5,2.70,531.70
Valid,163159,5041.0283,-11913.9460,5,2.70,531.70
Valid,163200,5041.0283,-11913.9460,5,2.70,531.70
Valid,163201,5041.0283,-11913.9460,5,2.70,531.70
Valid,163202,5041.0283,-11913.9460,5,2.70,531.70
Valid,163203,5041.0283,-11913.9460,5,2.70,531.70
Valid,163204,5041.0283,-11913.9460,5,2.70,531.60
Valid,163205,5041.0283,-11913.9460,5,2.70,531.60
Valid,163206,5041.0283,-11913.9460,5,2.70,531.60
Valid,163207,5041.0283,-11913.9460,5,2.70,531.60
Valid,163208,5041.0283,-11913.9460,5,2.70,531.60
Valid,163209,5041.0283,-11913.9460,5,2.70,531.60
Valid,163210,5041.0283,-11913.9460,5,2.70,531.60
Valid,163211,5041.0283,-11913.9460,5,2.70,531.60
Valid,163212,5041.0283,-11913.9460,5,2.70,531.60
Valid,163213,5041.0283,-11913.9460,5,2.70,531.60
Valid,163214,5041.0283,-11913.9460,5,2.70,531.60
Valid,163215,5041.0283,-11913.9450,5,2.70,531.50
Valid,163216,5041.0283,-11913.9450,5,2.70,531.50
Valid,163217,5041.0283,-11913.9450,5,2.70,531.50
Valid,163218,5041.0283,-11913.9450,5,2.70,531.50
Valid,163219,5041.0283,-11913.9450,5,2.70,531.50
Valid,163220,5041.0283,-11913.9450,5,2.70,531.50
Valid,163221,5041.0283,-11913.9450,5,2.70,531.50
Valid,163222,5041.0283,-11913.9450,5,2.70,531.50
Valid,163223,5041.0283,-11913.9450,5,2.70,531.50
Valid,163224,5041.0283,-11913.9450,5,2.70,531.50
Valid,163225,5041.0283,-11913.9450,5,2.70,531.40
Valid,163226,5041.0283,-11913.9450,5,2.70,531.40
Valid,163227,5041.0283,-11913.9450,5,2.70,531.40
Valid,163228,5041.0283,-11913.9450,5,2.70,531.40
Valid,163229,5041.0283,-11913.9450,5,2.70,531.40
Valid,163230,5041.0283,-11913.9450,5,2.70,531.40
Valid,163231,5041.0283,-11913.9450,5,2.70,531.40
Valid,163232,5041.0283,-11913.9450,5,2.70,531.40
Valid,163233,5041.0283,-11913.9450,5,2.70,531.40
Valid,163234,5041.0283,-11913.9450,5,2.70,531.40
Valid,163235,5041.0283,-11913.9450,5,2.70,531.40
Valid,163236,5041.0283,-11913.9450,5,2.70,531.40
Valid,163237,5041.0283,-11913.9450,5,2.70,531.40
Valid,163238,5041.0283,-11913.9450,5,2.70,531.40
Valid,163239,5041.0283,-11913.9450,5,2.70,531.40
Valid,163240,5041.0283,-11913.9450,5,2.70,531.40
Valid,163241,5041.0283,-11913.9450,5,2.70,531.40
Valid,163242,5041.0283,-11913.9450,5,2.70,531.40
Valid,163243,5041.0283,-11913.9450,5,2.70,531.30
Valid,163244,5041.0283,-11913.9450,5,2.70,531.30
Valid,163245,5041.0283,-11913.9450,5,2.70,531.30
Valid,163246,5041.0283,-11913.9450,5,2.70,531.30
Valid,163247,5041.0283,-11913.9450,5,2.70,531.30
Valid,163248,5041.0283,-11913.9450,5,2.70,531.30
Valid,163249,5041.0283,-11913.9450,5,2.70,531.30
Valid,163250,5041.0283,-11913.9450,5,2.70,531.30
Valid,163251,5041.0283,-11913.9450,6,2.30,531.60
Valid,163252,5041.0283,-11913.9450,6,2.30,531.90
Valid,163253,5041.0283,-11913.9450,6,2.30,532.10
Valid,163254,5041.0283,-11913.9450,6,2.30,532.40
Valid,163255,5041.0283,-11913.9450,6,2.30,532.60
Valid,163256,5041.0283,-11913.9450,6,2.30,532.90
Valid,163257,5041.0283,-11913.9450,6,2.30,533.10
Valid,163258,5041.0288,-11913.9450,6,2.30,533.30
Valid,163259,5041.0288,-11913.9450,6,2.30,533.50
Valid,163300,5041.0288,-11913.9450,6,2.30,533.70
Valid,163301,5041.0288,-11913.9450,6,2.30,533.90
Valid,163302,5041.0288,-11913.9450,6,2.30,534.10
Valid,163303,5041.0288,-11913.9450,6,2.30,534.30
Valid,163304,5041.0288,-11913.9450,6,2.30,534.50
Valid,163305,5041.0288,-11913.9450,6,2.30,534.70
Valid,163306,5041.0288,-11913.9450,6,2.30,534.90
Valid,163307,5041.0288,-11913.9450,6,2.30,535.00
Valid,163308,5041.0288,-11913.9450,6,2.30,535.20
Valid,163309,5041.0288,-11913.9450,6,2.30,535.30
Valid,163310,5041.0288,-11913.9450,6,2.30,535.50
Valid,163311,5041.0288,-11913.9450,6,2.30,535.60
Valid,163312,5041.0288,-11913.9450,6,2.30,535.80
Valid,163313,5041.0288,-11913.9450,6,2.30,535.90
Valid,163314,5041.0288,-11913.9450,6,2.30,536.10
Valid,163315,5041.0288,-11913.9450,6,2.30,536.20
Valid,163316,5041.0288,-11913.9450,6,2.30,536.40
Valid,163317,5041.0288,-11913.9450,6,2.30,536.50
Valid,163318,5041.0288,-11913.9450,6,2.30,536.60
Valid,163319,5041.0288,-11913.9450,6,2.30,536.70
Valid,163320,5041.0288,-11913.9450,6,2.30,536.90
Valid,163321,5041.0288,-11913.9450,6,2.30,537.00
Valid,163322,5041.0293,-11913.9450,6,2.30,537.10
Valid,163323,5041.0293,-11913.9450,6,2.30,537.20
Valid,163324,5041.0293,-11913.9450,6,2.30,537.30
Valid,163325,5041.0293,-11913.9450,6,2.30,537.40
Valid,163326,5041.0293,-11913.9450,6,2.30,537.50
Valid,163327,5041.0293,-11913.9450,6,2.30,537.60
Valid,163328,5041.0293,-11913.9450,6,2.30,537.70
Valid,163329,5041.0293,-11913.9450,6,2.30,537.80
Valid,163330,5041.0293,-11913.9450,6,2.30,537.90
Valid,163331,5041.0293,-11913.9450,6,2.30,538.00
Valid,163332,5041.0293,-11913.9450,6,2.30,538.10
Valid,163333,5041.0293,-11913.9450,6,2.30,538.20
Valid,163334,5041.0293,-11913.9450,6,2.30,538.30
Valid,163335,5041.0293,-11913.9450,6,2.30,538.40
Valid,163336,5041.0298,-11913.9450,6,2.30,538.50
Valid,163337,5041.0298,-11913.9450,6,2.30,538.60
Valid,163338,5041.0298,-11913.9450,6,2.30,538.60
Valid,163336,5041.0298,-11913.9450,6,2.30,538.70
Valid,163337,5041.0298,-11913.9450,6,2.30,538.80
Valid,163338,5041.0298,-11913.9450,6,2.30,538.90
Valid,163339,5041.0298,-11913.9450,6,2.30,538.90
Valid,163340,5041.0298,-11913.9450,6,2.30,539.00
Valid,163341,5041.0298,-11913.9450,6,2.30,539.10
Valid,163342,5041.0298,-11913.9450,6,2.30,539.20
Valid,163344,5041.0298,-11913.9450,6,2.30,539.30
Valid,163345,5041.0298,-11913.9450,6,2.30,539.30
Valid,163346,5041.0298,-11913.9450,6,2.30,539.40
Valid,163347,5041.0298,-11913.9450,6,2.30,539.40
Valid,163348,5041.0298,-11913.9450,6,2.30,539.50
Valid,163349,5041.0298,-11913.9450,6,2.30,539.50
Valid,163350,5041.0298,-11913.9450,6,2.30,539.50
Valid,163351,5041.0298,-11913.9450,6,2.30,539.60
Valid,163352,5041.0298,-11913.9450,6,2.30,539.60
Valid,163353,5041.0298,-11913.9450,6,2.30,539.60
Valid,163354,5041.0298,-11913.9450,6,2.30,539.70
Valid,163355,5041.0298,-11913.9450,6,2.30,539.70
Valid,163356,5041.0298,-11913.9440,6,2.30,539.70
Valid,163357,5041.0298,-11913.9440,6,2.30,539.80
Valid,163358,5041.0298,-11913.9440,6,2.30,539.80
Valid,163359,5041.0298,-11913.9440,6,2.30,539.80
Valid,163400,5041.0298,-11913.9440,6,2.30,539.80
Valid,163401,5041.0298,-11913.9440,6,2.30,539.90
Valid,163402,5041.0298,-11913.9440,6,2.30,539.90
Valid,163403,5041.0298,-11913.9440,6,2.30,539.90
Valid,163404,5041.0298,-11913.9440,6,2.30,539.90
Valid,163405,5041.0298,-11913.9440,6,2.30,539.90
Valid,163406,5041.0298,-11913.9440,6,2.30,540.00
Valid,163407,5041.0298,-11913.9440,6,2.30,540.00
Valid,163408,5041.0298,-11913.9440,6,2.30,540.00
Valid,163409,5041.0298,-11913.9440,6,2.30,540.00
Valid,163410,5041.0298,-11913.9440,6,2.30,540.00
Valid,163411,5041.0298,-11913.9440,6,2.30,540.00
Valid,163412,5041.0298,-11913.9440,6,2.30,540.00
Valid,163413,5041.0298,-11913.9440,6,2.30,540.00
Valid,163414,5041.0298,-11913.9440,6,2.30,540.00
Valid,163415,5041.0298,-11913.9440,6,2.30,540.10
Valid,163416,5041.0298,-11913.9440,6,2.30,540.10
Valid,163417,5041.0298,-11913.9440,6,2.30,540.10
Valid,163418,5041.0298,-11913.9440,6,2.30,540.10
Valid,163419,5041.0298,-11913.9440,6,2.30,540.10
Valid,163420,5041.0298,-11913.9440,6,2.30,540.10
Valid,163421,5041.0298,-11913.9440,6,2.30,540.10
Valid,163422,5041.0298,-11913.9440,6,2.30,540.10
Valid,163423,5041.0298,-11913.9440,6,2.30,540.10
Valid,163424,5041.0298,-11913.9440,6,2.30,540.10
Valid,163425,5041.0298,-11913.9440,6,2.30,540.10
Valid,163426,5041.0298,-11913.9440,6,2.30,540.10
Valid,163427,5041.0298,-11913.9440,6,2.30,540.10
Valid,163428,5041.0298,-11913.9440,6,2.30,540.10
Valid,163430,5041.0298,-11913.9440,6,2.30,540.10
Valid,163431,5041.0298,-11913.9440,6,2.30,540.10
Valid,163432,5041.0298,-11913.9440,6,2.30,540.10
Valid,163433,5041.0298,-11913.9440,6,2.30,540.10
Valid,163434,5041.0298,-11913.9440,6,2.30,540.00
Valid,163435,5041.0298,-11913.9440,6,2.30,540.10
Valid,163436,5041.0298,-11913.9440,6,2.30,540.00
Valid,163437,5041.0298,-11913.9440,6,2.30,540.00
Valid,163438,5041.0298,-11913.9440,6,2.30,540.00
Valid,163439,5041.0298,-11913.9440,6,2.30,540.00
Valid,163440,5041.0298,-11913.9440,6,2.30,540.00
Valid,163441,5041.0298,-11913.9440,6,2.30,540.00
Valid,163442,5041.0298,-11913.9440,6,2.30,540.00
Valid,163443,5041.0298,-11913.9440,6,2.30,540.00
Valid,163445,5041.0298,-11913.9440,6,2.30,539.90
Valid,163446,5041.0298,-11913.9440,6,2.30,539.90
Valid,163447,5041.0298,-11913.9440,6,2.30,539.80
Valid,163448,5041.0298,-11913.9440,6,2.30,539.80
Valid,163449,5041.0298,-11913.9440,6,2.30,539.80
Valid,163450,5041.0298,-11913.9440,6,2.30,539.70
Valid,163451,5041.0298,-11913.9440,6,2.30,539.70
Valid,163452,5041.0298,-11913.9440,6,2.30,539.70
Valid,163453,5041.0298,-11913.9440,6,2.30,539.60
Valid,163454,5041.0298,-11913.9440,6,2.30,539.60
Valid,163455,5041.0298,-11913.9440,6,2.30,539.60
Valid,163456,5041.0298,-11913.9440,6,2.30,539.50
Valid,163457,5041.0298,-11913.9440,6,2.30,539.50
Valid,163458,5041.0298,-11913.9440,6,2.30,539.50
Valid,163459,5041.0298,-11913.9440,6,2.30,539.40
Valid,163500,5041.0298,-11913.9440,6,2.30,539.40
Valid,163501,5041.0298,-11913.9440,6,2.30,539.40
Valid,163502,5041.0298,-11913.9440,6,2.30,539.30
Valid,163503,5041.0298,-11913.9440,6,2.30,539.30
Valid,163504,5041.0298,-11913.9440,6,2.30,539.30
Valid,163505,5041.0298,-11913.9440,6,2.30,539.20
Valid,163506,5041.0298,-11913.9440,6,2.30,539.20
Valid,163507,5041.0298,-11913.9440,6,2.30,539.20
Valid,163508,5041.0298,-11913.9440,6,2.30,539.20
Valid,163509,5041.0298,-11913.9440,6,2.30,539.10
Valid,163510,5041.0298,-11913.9440,6,2.30,539.10
Valid,163511,5041.0298,-11913.9440,6,2.30,539.10
Valid,163512,5041.0298,-11913.9440,6,2.30,539.10
Valid,163513,5041.0298,-11913.9440,6,2.30,539.10
Valid,163514,5041.0298,-11913.9440,6,2.30,539.00
Valid,163515,5041.0298,-11913.9440,6,2.30,539.00
Valid,163516,5041.0298,-11913.9440,6,2.30,539.00
Valid,163517,5041.0298,-11913.9440,6,2.30,539.00
Valid,163518,5041.0298,-11913.9440,6,2.30,539.00
Valid,163519,5041.0298,-11913.9440,6,2.30,539.00
Valid,163520,5041.0298,-11913.9440,6,2.30,539.00
Valid,163521,5041.0298,-11913.9440,6,2.30,539.00
Valid,163522,5041.0298,-11913.9440,6,2.30,539.00
Valid,163523,5041.0298,-11913.9440,6,2.30,539.00
Valid,163524,5041.0298,-11913.9440,6,2.30,539.00
Valid,163525,5041.0298,-11913.9440,6,2.30,538.90
Valid,163526,5041.0298,-11913.9440,6,2.30,538.90
Valid,163527,5041.0298,-11913.9440,6,2.30,538.90
Valid,163528,5041.0298,-11913.9440,6,2.30,538.90
Valid,163529,5041.0298,-11913.9440,6,2.30,538.90
Valid,163530,5041.0298,-11913.9440,6,2.30,538.90
Valid,163531,5041.0298,-11913.9440,6,2.30,538.90
Valid,163532,5041.0298,-11913.9430,6,2.30,538.90
Valid,163533,5041.0298,-11913.9430,6,2.30,538.90
Valid,163534,5041.0298,-11913.9430,6,2.30,538.90
Valid,163535,5041.0298,-11913.9430,6,2.30,538.80
Valid,163536,5041.0298,-11913.9430,6,2.30,539.10
Valid,163537,5041.0298,-11913.9430,6,2.30,539.40
Valid,163538,5041.0298,-11913.9430,6,2.30,539.80
Valid,163539,5041.0298,-11913.9430,5,2.70,539.60
Valid,163540,5041.0298,-11913.9430,5,2.70,539.50
Valid,163541,5041.0298,-11913.9430,5,2.70,539.40
Valid,163542,5041.0298,-11913.9430,5,2.70,539.20
Valid,163543,5041.0298,-11913.9430,5,2.70,539.10
Valid,163544,5041.0298,-11913.9430,5,2.70,538.90
Valid,163545,5041.0298,-11913.9430,5,2.70,538.80
Valid,163546,5041.0293,-11913.9430,5,2.70,538.60
Valid,163547,5041.0293,-11913.9430,5,2.70,538.50
Valid,163548,5041.0293,-11913.9430,5,2.70,538.30
Valid,163549,5041.0293,-11913.9430,5,2.70,538.20
Valid,163550,5041.0293,-11913.9430,5,2.70,538.00
Valid,163551,5041.0293,-11913.9430,5,2.70,537.80
Valid,163552,5041.0288,-11913.9430,5,2.70,537.70
Valid,163553,5041.0288,-11913.9430,5,2.70,537.50
Valid,163554,5041.0288,-11913.9430,5,2.70,537.30
Valid,163555,5041.0288,-11913.9430,5,2.70,537.20
Valid,163556,5041.0288,-11913.9430,5,2.70,537.00
Valid,163557,5041.0288,-11913.9430,5,2.70,536.80
Valid,163558,5041.0288,-11913.9430,5,2.70,536.60
Valid,163559,5041.0288,-11913.9430,5,2.70,536.50
Valid,163600,5041.0288,-11913.9430,5,2.70,536.30
Valid,163601,5041.0288,-11913.9430,5,2.70,536.10
Valid,163602,5041.0288,-11913.9430,5,2.70,535.90
Valid,163603,5041.0288,-11913.9430,5,2.70,535.70
Valid,163604,5041.0288,-11913.9430,5,2.70,535.50
Valid,163605,5041.0288,-11913.9430,6,2.30,535.40
