210650,53CE00000000000D148E502ED5D57D,0,406032477,-88,24.57,181296,1213
210917,53CE00000000000D148E50C24C99E7,0,406032659,-113,24.32,125823,1260
211058,53CE00000000000D148E5046A0F06C,0,406032462,-119,23.89,73548,1235
211236,53CE00000000000D148E50C4AA2214,0,406032654,-114,23.55,114275,1234
211647,53CE00000000000D148E50B2F18DF9,0,406032660,-63,22.35,143256,1138
213322,53CE00000000000D148E5080655C00,0,406032664,-55,17.78,132975,1294
214146,53CE00000000000D148E50DB6693B4,0,406032637,-118,17.26,61896,1189
214237,53CE00000000000D148E50D34D9DCA,0,406032634,-102,17.45,152902,1246
214329,53CE00000000000D148E50AD640354,0,406032635,-112,17.54,118638,1216
214508,53CE00000000000D148E509700A374,0,406032631,-107,17.95,139423,1228
214556,53CE00000000000D148E50B85F5748,0,406032634,-107,18.20,131468,1231
215324,53CE00000000000D148E50AF6FC73C,0,406032658,-91,21.29,151129,1235
215413,53CE00000000000D148E509F6699F1,0,406032664,-81,21.49,139690,1242
215957,53CE00000000000D148E5087AA3B49,0,406032470,-58,22.54,150530,1149
221319,53CE00000000000D148E509BBDE465,0,406032518,-74,18.62,138276,1266
221409,53CE00000000000D148E50BE900E27,0,406032483,-81,18.36,128927,1222
222137,53CE00000000000D148E400984FB58,0,406032651,-113,17.19,48238,1213
224051,53CE00000000000D148E504F9C5F37,0,406032620,-78,15.77,125019,1207
224320,53CE00000000000D148E50E793169C,0,406032503,-53,15.61,149752,1243
224956,53CE00000000000D148E50FDED83EA,0,406032460,-111,16.91,126717,1228
225254,53CE00000000000D148E50549473BA,1,406032584,-119,17.75,15492,1195
