181850,53CE00000000000D148E50B406AB98,0,406032478,-97,12.96,147976,1217
181940,53CE00000000000D148E5080FF5C4C,0,406032481,-97,13.62,145990,1217
182216,53CE00000000000D148E5000D62E43,0,406032490,-100,14.98,149721,1234
182627,53CE00000000000D148E503B9682A4,0,406032640,-102,16.55,142483,1225
182716,53CE00000000000D148E50D5C871C6,0,406032645,-105,16.95,143819,1234
182854,53CE00000000000D148E50FAD1A6A2,0,406032648,-93,18.02,131037,1249
182946,53CE00000000000D148E50DF771AC5,0,406032667,-84,18.61,145598,1236
183038,53CE00000000000D148E50894B01D9,0,406032667,-89,19.15,139473,1241
183126,53CE00000000000D148E50CBDE338F,0,406032648,-84,19.66,145478,1240
183216,53CE00000000000D148E509FE33707,0,406032500,-81,20.02,113248,1273
183304,53CE00000000000D148E503A8EC16B,0,406032445,-71,20.31,149879,1239
183943,53CE00000000000D148E50AA82C0D5,0,406032665,-83,21.14,135364,1212
190302,53CE00000000000D148E50C7A25809,0,406032580,-85,20.79,152682,1234
190352,53CE00000000000D148E502C59A07F,0,406032668,-85,20.61,148258,1255
190443,53CE00000000000D148E50B7041E8C,0,406032646,-80,20.45,114544,1232
190533,53CE00000000000D148E50E0E9FDA5,0,406032482,-115,20.41,34068,1201
190623,53CE00000000000D148E50B6B8CB91,0,406032456,-119,20.30,65047,1204
190713,53CE00000000000D148E50F0D568CF,0,406032448,-113,20.20,115388,1224
190852,53CE00000000000D148E5066398B59,0,406032450,-119,20.28,14699,1180
191614,53CE00000000000D148E50CBF3E789,0,406032624,-114,20.46,40903,1183
191704,53CE00000000000D148E50EC275D0B,0,406032648,-115,20.30,34601,1181
193118,53CE00000000000D148E50FE3ABB17,0,406032447,-89,19.64,153072,1237
193256,53CE00000000000D148E5091EA11BF,0,406032448,-87,19.75,159940,1242
194117,53CE00000000000D148E50D4BFEBA6,0,406032447,-84,19.54,142262,1262
194348,53CE00000000000D148E50C8A562DA,0,406032658,-106,19.46,131320,1242
194846,53CE00000000000D148E50E6AE6618,0,406032445,-109,18.95,137391,1239
195026,53CE00000000000D148E508A746745,0,406032460,-115,18.84,100522,1207
195117,53CE00000000000D148E50840BBD56,0,406032458,-115,18.79,97563,1225
195208,53CE00000000000D148E504FE6E474,0,406032435,-89,18.66,168053,1238
195758,53CE00000000000D148E587605BA82,0,406032658,-113,17.72,118003,1225
